<?xml version="1.0" encoding="UTF-8"?>
<testng-results skipped="0" failed="0" ignored="0" total="2" passed="2">
  <reporter-output>
  </reporter-output>
  <suite name="Suite" duration-ms="36679" started-at="2020-06-26T10:25:59Z" finished-at="2020-06-26T10:26:36Z">
    <groups>
    </groups>
    <test name="Test" duration-ms="36679" started-at="2020-06-26T10:25:59Z" finished-at="2020-06-26T10:26:36Z">
      <class name="com.docker.SetUp_DockerGrid">
        <test-method status="PASS" signature="startDockerGrid()[pri:0, instance:com.docker.SetUp_DockerGrid@523884b2]" name="startDockerGrid" is-config="true" duration-ms="15023" started-at="2020-06-26T10:25:59Z" finished-at="2020-06-26T10:26:14Z">
          <reporter-output>
          </reporter-output>
        </test-method> <!-- startDockerGrid -->
        <test-method status="PASS" signature="stopDockerGrid()[pri:0, instance:com.docker.SetUp_DockerGrid@523884b2]" name="stopDockerGrid" is-config="true" duration-ms="5011" started-at="2020-06-26T10:26:31Z" finished-at="2020-06-26T10:26:36Z">
          <reporter-output>
          </reporter-output>
        </test-method> <!-- stopDockerGrid -->
      </class> <!-- com.docker.SetUp_DockerGrid -->
      <class name="com.docker.ChromeTest3">
        <test-method status="PASS" signature="test3()[pri:0, instance:com.docker.ChromeTest3@5b275dab]" name="test3" duration-ms="8414" started-at="2020-06-26T10:26:14Z" finished-at="2020-06-26T10:26:23Z">
          <reporter-output>
          </reporter-output>
        </test-method> <!-- test3 -->
      </class> <!-- com.docker.ChromeTest3 -->
      <class name="com.docker.FirefoxTest4">
        <test-method status="PASS" signature="test4()[pri:0, instance:com.docker.FirefoxTest4@61832929]" name="test4" duration-ms="16588" started-at="2020-06-26T10:26:14Z" finished-at="2020-06-26T10:26:31Z">
          <reporter-output>
          </reporter-output>
        </test-method> <!-- test4 -->
      </class> <!-- com.docker.FirefoxTest4 -->
    </test> <!-- Test -->
  </suite> <!-- Suite -->
</testng-results>
